2024-10-31 23:19:06,769 - INFO - Bot started successfully.
2024-10-31 23:19:44,841 - INFO - Bot started successfully.
2024-10-31 23:20:03,251 - INFO - User: what can you do for me
2024-10-31 23:20:24,045 - INFO - Bot: As a specialized Cardiovascular Health Assistant, I can provide you with information and resources related to heart health.  I can help you understand complex medical topics, find answers to your questions, and support your journey towards a healthier cardiovascular system.  Keep in mind, I am *not* a substitute for professional medical advice, diagnosis, or treatment.  Always consult with a qualified healthcare professional for any health concerns.

Here's a breakdown of what I can do:

**Information and Education:**

* **Explain cardiovascular conditions:** I can describe various heart conditions like coronary artery disease, heart failure, arrhythmias, high blood pressure, and high cholesterol, including their causes, symptoms, and risk factors.
* **Describe diagnostic tests and procedures:**  I can explain common cardiovascular tests like EKGs, echocardiograms, stress tests, and cardiac catheterization.
* **Provide information on treatments and medications:** I can discuss various treatment options for heart conditions, including medications, lifestyle changes, and surgical procedures. I can also explain how specific medications work and their potential side effects (always consult a doctor or pharmacist for medication advice).
* **Offer resources on heart-healthy living:** I can provide information on diet, exercise, stress management, and other lifestyle factors that contribute to cardiovascular health. I can also help you find reputable sources for further research.
* **Explain medical terminology:** Medical jargon can be confusing. I can help you understand complex terms and concepts related to heart health.

**Support and Guidance:**

* **Help you prepare for doctor's appointments:**  I can help you formulate questions for your doctor, organize your medical history, and understand your doctor's recommendations.
* **Offer tips for tracking your health data:**  I can suggest methods for monitoring your blood pressure, cholesterol, weight, and other important metrics.
* **Provide encouragement and motivation:** Making lifestyle changes can be challenging. I can offer support and encouragement to help you stay on track with your heart health goals.
* **Find relevant resources:**  I can help you locate reputable websites, organizations, and support groups related to cardiovascular health.

**Examples of questions I can answer:**

* "What are the symptoms of a heart attack?"
* "How can I lower my cholesterol naturally?"
* "What is an angioplasty?"
* "What are the risk factors for stroke?"
* "What should I eat for a heart-healthy diet?"

To get started, tell me what you'd like to know or what you need help with regarding your cardiovascular health.  The more specific you are, the better I can assist you.

2024-10-31 23:56:27,927 - INFO - Bot started successfully.
2024-10-31 23:57:00,118 - INFO - User: tell me about new update of you
2024-10-31 23:57:16,373 - INFO - Response too verbose; attempting rephrase.
2024-10-31 23:57:18,841 - INFO - Refined Response: I'm constantly being improved by Google in several ways, including expanding my knowledge base (especially about cardiovascular health), improving my reasoning and language abilities, and reducing biases.  While I don't have version numbers, I'm continually learning and becoming more helpful. I can offer information on cardiovascular health, but I'm not a substitute for a doctor.

2024-10-31 23:57:18,845 - INFO - Bot: I'm constantly being improved by Google in several ways, including expanding my knowledge base (especially about cardiovascular health), improving my reasoning and language abilities, and reducing biases.  While I don't have version numbers, I'm continually learning and becoming more helpful. I can offer information on cardiovascular health, but I'm not a substitute for a doctor.

2024-11-01 00:02:58,656 - INFO - Bot started successfully.
2024-11-01 00:03:13,095 - INFO - User: Hi
2024-11-01 00:03:22,033 - INFO - Bot: Hi there! How can I help you today?  I can assist with information related to cardiovascular health, including topics like diet, exercise, risk factors, common conditions, and medications.  I can also help you find reliable resources and understand medical terminology. Please let me know what you'd like to discuss.

2024-11-01 00:06:15,720 - INFO - Bot started successfully.
2024-11-01 00:10:06,003 - INFO - Bot started successfully.
2024-11-01 00:10:34,608 - INFO - User: Hi, how can you be of help to me?
2024-11-01 00:10:53,105 - INFO - Bot: As a specialized Cardiovascular Health Assistant, I can help you by providing information and resources related to heart health.  I can't give medical advice, diagnose conditions, or replace a visit to a doctor.  However, I can assist you with the following:

* **Understanding Cardiovascular Conditions:** I can explain various heart conditions, their symptoms, risk factors, and potential complications.  For example, if you want to know more about coronary artery disease, heart failure, or arrhythmias, I can provide you with generally accepted information.
* **Lifestyle Modifications for Heart Health:** I can offer information about lifestyle changes that can improve your cardiovascular health, including diet recommendations, exercise guidelines, stress management techniques, and the importance of quitting smoking.
* **Medications and Treatments:** I can explain common medications and treatments used for cardiovascular conditions, although I can't recommend specific medications or dosages. Always consult your doctor for personalized medical advice.
* **Finding Reliable Information:** I can help you locate credible sources of information about cardiovascular health, such as the American Heart Association and the Centers for Disease Control and Prevention.
* **Understanding Medical Terminology:** I can explain complex medical terms related to cardiology in easier-to-understand language.
* **Preparing for Doctor's Appointments:** I can help you formulate questions to ask your doctor about your heart health.

To best assist you, please tell me what you'd like to know or what you're concerned about.  Are you interested in a specific condition, looking for ways to improve your heart health, or something else entirely?  The more information you give me, the better I can assist you.

2024-11-01 00:12:32,157 - INFO - User: Can you set reminder for medication or doctors appointment?
2024-11-01 00:12:37,464 - INFO - Bot: I can't directly set reminders for medication or doctor's appointments in the same way a dedicated reminder app or your phone's calendar can. I'm a language model, and I don't have access to those functionalities.

However, I can help you with some strategies for remembering your medications and appointments:

* **Suggest using reminder apps:** I can recommend some popular reminder apps available for both Android and iOS.  Many are free and offer customizable alerts.
* **Guide you through setting reminders on your phone's calendar:**  I can explain the steps involved in creating calendar events with alerts on most smartphones.
* **Help you create a medication schedule:** We can work together to create a clear, written schedule that you can keep visible.
* **Offer tips for remembering:** I can suggest memory aids, such as associating medication times with daily routines (like brushing your teeth) or placing medications in a visible location.

Which of these options would be most helpful to you?  Or perhaps you have another method in mind? Let me know!

2024-11-01 21:44:59,816 - INFO - Bot started successfully.
2024-11-01 21:45:29,055 - INFO - User: I want to understand the concept of Angina
2024-11-01 21:45:52,130 - INFO - Bot: Angina is the medical term for chest pain or discomfort caused by reduced blood flow to the heart muscle.  Think of it like a temporary "traffic jam" in your coronary arteries, the blood vessels that supply your heart with oxygen-rich blood.  When your heart doesn't get enough oxygen, it sends pain signals.

Here's a breakdown of key aspects of angina:

**What causes it?**

The most common cause is coronary artery disease (CAD).  In CAD, plaque builds up inside the coronary arteries, narrowing them and reducing blood flow.  This plaque is made up of cholesterol, fat, calcium, and other substances.

Other less common causes can include:

* **Spasms in the coronary arteries:**  These spasms can temporarily constrict the arteries, even without significant blockage from plaque.  This is called Prinzmetal's angina or variant angina.
* **Severe anemia:**  If your blood doesn't have enough red blood cells to carry oxygen, your heart may not get the oxygen it needs, leading to angina.
* **Heart valve problems:**  Conditions like aortic stenosis or mitral regurgitation can put extra strain on the heart, increasing its need for oxygen and potentially causing angina.
* **Hypertrophic cardiomyopathy:** This is a condition where the heart muscle becomes abnormally thick, making it harder for the heart to pump blood effectively.

**What does it feel like?**

Angina can feel different for different people.  Common descriptions include:

* **Pressure:**  A squeezing, tightness, or heaviness in the chest.
* **Aching:**  A dull or burning sensation.
* **Discomfort:**  A feeling of indigestion or heartburn.
* **Pain radiating to other areas:**  The pain can spread to the left arm, shoulder, neck, jaw, back, or even down to the abdomen.

**Types of Angina:**

* **Stable Angina:**  This is the most common type.  It is usually triggered by physical exertion or emotional stress and is predictable.  It typically lasts a few minutes and is relieved by rest or medication (nitroglycerin).
* **Unstable Angina:**  This type is more serious.  The pain can occur at rest or with minimal exertion, is more intense, lasts longer, and may not be relieved by rest or medication.  It is a warning sign of a potential heart attack and requires immediate medical attention.
* **Variant Angina (Prinzmetal's Angina):** This type is caused by coronary artery spasms and often occurs at rest, typically at night or early morning.  It can be severe but is often short-lived.
* **Microvascular Angina:** This type occurs when the smaller arteries that branch off the main coronary arteries are narrowed.  It can cause chest pain similar to other types of angina but may not show up on standard angiography tests.

**When to seek medical attention:**

* **Any new chest pain or discomfort:**  Especially if it lasts longer than a few minutes or is accompanied by other symptoms like shortness of breath, sweating, nausea, or lightheadedness.
* **Changes in your usual angina pattern:**  If your angina becomes more frequent, severe, or prolonged, or if it occurs at rest or with less exertion than usual.
* **Chest pain that doesn't respond to nitroglycerin:** This could be a sign of unstable angina or a heart attack.

**Important Note:** This information is for educational purposes only and does not constitute medical advice.  Always consult with a healthcare professional for any concerns about your heart health or before making any decisions related to your medical care.  They can properly diagnose your condition and recommend the best course of treatment.

2024-11-01 22:02:20,737 - INFO - User: My age is 29
2024-11-01 22:03:15,403 - INFO - Bot started successfully.
2024-11-01 22:03:22,260 - INFO - User: my age is 29
2024-11-01 22:03:22,260 - INFO - Updated user data: {'age': 29}
2024-11-01 22:07:14,807 - INFO - User: Remind me for my doctor appointment
2024-11-01 22:07:14,807 - INFO - Reminder set for 'doctor appointment' at 2024-11-02 22:07:14.807353
2024-11-04 01:17:33,769 - INFO - User: what are designed to do?
2024-11-04 01:17:33,769 - INFO - Bot: parts {
  text: "I am a Cardiovascular Health Assistant designed to help you manage and monitor your cardiovascular health. I can provide information and track metrics related to several key areas:\n\n* **Blood Pressure Monitoring:**  I can help you understand what healthy blood pressure readings are, how to monitor them, and the importance of regular checks. I can also store your readings (if you choose to share them) to help you see trends over time.\n\n* **Heart Rate Tracking:** Similar to blood pressure, I can help you understand normal heart rates, how to measure your pulse, and what fluctuations might mean.  I can also store your heart rate data (if provided) to help you identify patterns.\n\n* **Medication Adherence:**  I can help you create reminders for taking your medications as prescribed.  **Remember, I am not a substitute for your doctor\'s instructions.**  It\'s crucial to follow your prescribed medication schedule exactly.\n\n* **Exercise Recommendations:** I can provide information on the types and amounts of exercise recommended for heart health, and help you find resources to get started with a safe and effective exercise program.  I can also help you track your exercise progress (if you provide the data).\n\n* **Diet Suggestions:**  I can provide information and resources about heart-healthy diets, such as the DASH diet and the Mediterranean diet.  I can also offer tips for making healthier food choices.\n\n* **Stress Management:** I can provide information about the link between stress and heart health and offer resources and techniques for stress management, like mindfulness exercises and relaxation techniques.\n\n* **Risk Factor Identification:** I can help you understand the risk factors for cardiovascular disease and help you assess your own risk profile.  This information should be discussed with your doctor.\n\n* **Symptom Monitoring:**  I can help you understand common cardiovascular symptoms and when it\'s crucial to seek immediate medical attention.  **If you experience symptoms like chest pain, shortness of breath, or sudden dizziness, call emergency services immediately.**\n\n**It\'s incredibly important to remember that I am not a doctor.** I am here to provide information and support, but I cannot diagnose or treat medical conditions.  Always consult with your healthcare provider for any health concerns or before making any changes to your medication, diet, or exercise routine. They can provide personalized advice based on your specific medical history and needs.\n"
}
role: "model"

2024-11-04 01:19:04,900 - INFO - User: what is angina
2024-11-04 01:19:04,900 - INFO - Bot: parts {
  text: "Angina is chest pain or discomfort caused by reduced blood flow to the heart muscle.  It\'s often described as a tightness, pressure, squeezing, or burning sensation in the chest.  Sometimes the discomfort can also radiate to the arms (especially the left arm), neck, jaw, back, or stomach.\n\nHere\'s a breakdown of important things to know about angina:\n\n* **Stable Angina:** This is the most common type.  It\'s typically triggered by physical exertion or emotional stress and usually lasts for a few minutes.  Rest or medication (like nitroglycerin) usually relieves the pain.  Stable angina is predictable, meaning it occurs under similar circumstances and has a consistent pattern.\n\n* **Unstable Angina:** This is a more serious type of angina.  It can occur at rest or with minimal exertion, and the pain can be more severe and last longer than stable angina.  It may not be relieved by rest or medication.  **Unstable angina is a medical emergency and requires immediate attention.**  It can signal an impending heart attack.\n\n* **Variant Angina (Prinzmetal\'s Angina):** This type of angina is caused by spasms in the coronary arteries, which temporarily reduce blood flow to the heart.  It can occur at rest, often at night, and is less common than stable angina.\n\n**Symptoms associated with angina can vary, but may include:**\n\n* Chest pain or discomfort (pressure, tightness, squeezing, burning)\n* Pain radiating to the arms, neck, jaw, back, or stomach\n* Shortness of breath\n* Nausea\n* Dizziness or lightheadedness\n* Sweating\n* Fatigue\n\n\n**If you experience any chest pain, especially if it\'s new, worsening, or accompanied by other symptoms, you should seek immediate medical attention.  Call emergency services right away.**  A doctor can diagnose the cause of your chest pain and recommend the appropriate treatment.\n\nWhile I can provide information about angina, I am not a medical professional.  It\'s crucial to discuss your symptoms and any concerns with your doctor or other qualified healthcare provider for diagnosis and treatment.  They can evaluate your individual situation and determine the best course of action.\n"
}
role: "model"

2024-11-04 01:34:39,419 - INFO - User: what is angina
2024-11-04 01:34:39,420 - INFO - Bot: parts {
  text: "Angina is chest pain or discomfort caused by reduced blood flow to the heart muscle.  It\'s often described as a tightness, pressure, squeezing, or burning sensation in the chest.  The discomfort can also spread to the arms (especially the left arm), neck, jaw, back, or stomach.\n\nHere\'s a breakdown of important information about angina:\n\n* **Stable Angina:** This is the most common type. It\'s typically triggered by physical exertion or emotional stress and usually lasts for a few minutes.  Rest or medication (like nitroglycerin) usually relieves the pain.  Stable angina is predictable, meaning it happens in similar situations and follows a consistent pattern.\n\n* **Unstable Angina:** This is a more serious form. It can occur at rest or with minimal exertion, and the pain is often more severe and lasts longer than stable angina. It might not be relieved by rest or medication.  **Unstable angina is a medical emergency and requires immediate attention.**  It can be a sign of an impending heart attack.\n\n* **Variant Angina (Prinzmetal\'s Angina):** This type is caused by spasms in the coronary arteries, temporarily reducing blood flow to the heart. It can occur at rest, often at night, and is less common than stable angina.\n\n**Symptoms of angina can include:**\n\n* Chest pain or discomfort (pressure, tightness, squeezing, burning)\n* Pain spreading to the arms, neck, jaw, back, or stomach\n* Shortness of breath\n* Nausea\n* Dizziness or lightheadedness\n* Sweating\n* Fatigue\n\n**Important:**  **If you experience any chest pain, especially if it\'s new, worsening, or accompanied by other symptoms, seek immediate medical attention.  Call emergency services right away.**\n\nI can provide information about angina, but I am not a medical professional.  **It\'s crucial to discuss your symptoms with a doctor or other qualified healthcare provider for diagnosis and treatment.** They can evaluate your specific situation and determine the best course of action.\n"
}
role: "model"

2024-11-04 01:41:30,233 - INFO - User: what can you do for me
2024-11-04 01:41:30,234 - INFO - Bot: parts {
  text: "I can be your personalized cardiovascular health assistant, helping you stay on top of your heart health journey.  I can help you track important metrics like blood pressure and heart rate, remind you to take your medications, offer evidence-based guidance on exercise and diet, and provide strategies for managing stress.  I can also help identify potential risk factors and monitor symptoms.\n\nHere are some specific things I can do:\n\n* **Blood Pressure Tracking:** You can log your blood pressure readings, and I can help you visualize trends and identify potential issues. This information can be valuable when discussing your health with your doctor.\n* **Heart Rate Monitoring:**  Keeping track of your heart rate, especially during exercise, can help you understand your fitness level and identify irregularities.  Remember, I can\'t diagnose any heart conditions, so always consult your doctor if you notice unusual heart rhythms.\n* **Medication Reminders:**  Remembering to take your medications on time is crucial. I can send you reminders to help you stay on track.\n* **Exercise Recommendations:** I can provide information and suggestions for exercise programs suitable for your needs and fitness level, always emphasizing the importance of discussing any new exercise regime with your doctor.\n* **Dietary Guidance:** I can offer heart-healthy diet tips and recipes, focusing on reducing sodium, saturated fats, and cholesterol.  However, personalized dietary advice should always come from a registered dietitian or your healthcare provider.\n* **Stress Management Techniques:**  Stress plays a significant role in cardiovascular health. I can guide you through various relaxation techniques like deep breathing and mindfulness exercises.\n* **Risk Factor Identification:** By analyzing the information you provide, I can help identify potential cardiovascular risk factors such as smoking, family history, and high cholesterol.  This information empowers you to have more informed discussions with your physician.\n* **Symptom Monitoring:**  You can log any concerning symptoms, such as chest pain, shortness of breath, or dizziness. I can help you recognize patterns and highlight symptoms that warrant immediate medical attention.\n\n**It\'s crucial to remember that I\'m not a substitute for professional medical advice. I\'m here to provide information and support, but always consult your doctor or other qualified healthcare professional for diagnosis and treatment.**\n\nIf you experience symptoms like chest pain, severe shortness of breath, or sudden dizziness, call emergency services immediately. These could be signs of a serious medical emergency.\n\nTo start, tell me a bit about your health goals.  What are you hoping to achieve with me?\n"
}
role: "model"

2024-11-04 01:44:27,188 - INFO - User: what can you do for me
2024-11-04 01:44:27,189 - INFO - Bot: parts {
  text: "I can assist you in managing and monitoring your cardiovascular health by providing information, tracking tools, and personalized recommendations.  Think of me as your digital companion for a healthier heart, but **not a substitute for a real doctor.**\n\nHere\'s what I can do:\n\n* **Blood Pressure Monitoring:** I can help you log your blood pressure readings, visualize trends, and understand what your numbers mean. This helps you and your doctor see how lifestyle changes or medications are affecting your blood pressure.\n* **Heart Rate Tracking:**  I can help you track your resting heart rate and heart rate during exercise, providing insights into your cardiovascular fitness.\n* **Medication Adherence:** I can help you remember to take your medications on time and understand why adherence is so vital for managing heart conditions. **Never adjust or stop your medications without consulting your doctor.**\n* **Exercise Recommendations:** Based on your fitness level and health conditions, I can suggest safe and effective exercise routines to improve your cardiovascular health.  I can also help you track your progress.\n* **Diet Suggestions:**  I can provide information and resources about heart-healthy diets, such as the DASH diet and Mediterranean diet, and offer tips on making sustainable dietary changes.\n* **Stress Management:**  I can suggest stress-reduction techniques like meditation, deep breathing exercises, and yoga, as stress plays a significant role in cardiovascular health.\n* **Risk Factor Identification:** I can help you identify potential risk factors for heart disease, such as high cholesterol, diabetes, smoking, and family history, empowering you to discuss them with your doctor.\n* **Symptom Monitoring:** I can help you track symptoms like chest pain, shortness of breath, or dizziness.  **If you experience any of these symptoms, especially suddenly or severely, call emergency services immediately.**\n\nRemember, I\'m here to support you, but I\'m not a substitute for professional medical advice. Always consult with your healthcare provider before making any changes to your medication, diet, or exercise routine.  They can provide personalized recommendations based on your specific health needs.  \n\nLet me know what you\'d like to focus on first. Are you interested in tracking your blood pressure, learning about heart-healthy recipes, or something else?\n"
}
role: "model"

2024-11-04 01:45:32,545 - INFO - User: what can you do
2024-11-04 01:45:32,546 - INFO - Bot: parts {
  text: "I can assist you in managing and monitoring your cardiovascular health by providing information and tools focused on lifestyle modifications.  I can help you track metrics like blood pressure and heart rate, offer reminders for medication adherence, suggest heart-healthy exercises and dietary changes, and provide resources for managing stress. I can also help you identify potential cardiovascular risk factors and monitor symptoms.\n\n**It\'s crucial to understand that I am not a substitute for a healthcare professional.**  I cannot diagnose or treat medical conditions.  Always consult with your doctor or other qualified healthcare provider for any health concerns, before making any decisions about your health, or before starting any new treatment.\n\nHere are some specific things I can help you with:\n\n* **Blood Pressure Tracking:** I can help you log your blood pressure readings and visualize trends over time. This can help you and your doctor see how lifestyle changes or medications are affecting your blood pressure.\n* **Heart Rate Monitoring:**  Similar to blood pressure, I can help you track your heart rate and identify any unusual patterns.\n* **Medication Reminders:** Forgetting medications can be detrimental. I can send reminders to help you stay on track with your prescribed medications.\n* **Exercise Recommendations:**  I can provide information on different types of cardiovascular exercise and help you create a plan that fits your fitness level and preferences.  Always discuss new exercise plans with your doctor before starting.\n* **Dietary Guidance:**  I can offer information and resources for heart-healthy eating, including recipes and meal planning tips.\n* **Stress Management Techniques:**  Stress plays a significant role in cardiovascular health. I can provide resources and techniques for managing stress, such as breathing exercises and mindfulness practices.\n* **Risk Factor Identification:** I can help you identify potential risk factors for cardiovascular disease based on your health information and lifestyle.  This information should be discussed with your doctor.\n* **Symptom Monitoring:**  I can help you track symptoms that might be related to cardiovascular issues. If you experience any serious symptoms like chest pain, shortness of breath, or dizziness, **seek immediate medical attention.**\n\nI am here to support you on your journey to better cardiovascular health.  Let me know how I can help you get started.\n"
}
role: "model"

2024-11-04 01:48:59,520 - INFO - User: what can you do
2024-11-04 01:48:59,521 - INFO - Bot: parts {
  text: "I can assist you in managing and monitoring your cardiovascular health by providing information, tracking key metrics, and encouraging healthy habits.  I am designed to help you stay on top of your heart health, but remember, I am not a substitute for a doctor.  Always consult with your healthcare provider for diagnosis and treatment.\n\nHere\'s what I can help you with:\n\n* **Blood Pressure Monitoring:**  I can help you understand what blood pressure readings mean and track your progress over time if you input your data.  I can also remind you to take your readings regularly.\n* **Heart Rate Tracking:** Similar to blood pressure, I can help you understand your heart rate and track it if you provide the data.\n* **Medication Adherence:** I can help you remember to take your medications as prescribed by setting up reminders.  Please note, I cannot recommend or adjust medications. This must be done by your doctor.\n* **Exercise Recommendations:** I can provide information on heart-healthy exercises and help you create a plan that fits your fitness level and goals, always keeping in mind any recommendations from your physician.\n* **Diet Suggestions:** I can offer information about heart-healthy diets, including suggestions for meal planning and recipes.  These suggestions are for informational purposes only and should be discussed with your doctor or a registered dietitian, especially if you have other health conditions.\n* **Stress Management:** I can provide techniques and resources for managing stress, which plays a significant role in cardiovascular health.\n* **Risk Factor Identification:** I can help you identify potential risk factors for cardiovascular disease based on information you provide.\n* **Symptom Monitoring:** I can help you track symptoms and alert you to any emergency symptoms that require immediate medical attention.  **If you experience chest pain, shortness of breath, or sudden dizziness, call emergency services immediately.**\n\nRemember, I am here to support you on your journey to better heart health, but your doctor is your primary source for medical advice.  By working together, we can help you take proactive steps towards a healthier heart.  What are your current health goals?\n"
}
role: "model"

2024-11-04 13:05:56,507 - INFO - User: what can you do for me
2024-11-04 13:05:56,509 - INFO - Bot: parts {
  text: "I can assist you in managing and monitoring your cardiovascular health by providing information and tools focused on lifestyle modifications.  Think of me as your personalized cardiovascular health companion.  I can help you with several key areas:\n\n* **Blood Pressure Monitoring:** I can help you understand what blood pressure readings mean and the importance of regular monitoring. I can also help you track your readings to identify trends and potential issues.  \n* **Heart Rate Tracking:**  I can help you understand what your resting and active heart rates indicate about your cardiovascular fitness and alert you to any irregularities.\n* **Medication Adherence:** I can help you establish a routine for taking your medications as prescribed and send reminders to help you stay on track. **However, I cannot provide medical advice about medications - always consult with your doctor or pharmacist for medication-related questions.**\n* **Exercise Recommendations:** I can offer suggestions for exercises that are appropriate for your cardiovascular health status and help you create an exercise plan that you can stick to.\n* **Diet Suggestions:** I can provide information on heart-healthy diets, including recommendations for reducing sodium, saturated and trans fats, and cholesterol, and increasing your intake of fruits, vegetables, and whole grains. I can also help you track your dietary intake. **Remember, I am not a dietitian, so any major dietary changes should be discussed with your doctor or a registered dietitian.**\n* **Stress Management:** I can provide techniques for managing stress, such as deep breathing exercises, meditation, and yoga, which are all beneficial for cardiovascular health.\n* **Risk Factor Identification:** I can help you identify potential risk factors for cardiovascular disease, such as smoking, high cholesterol, diabetes, and family history.\n* **Symptom Monitoring:** I can help you track symptoms that might indicate a cardiovascular problem.  **It is crucial to understand that I am not a substitute for professional medical advice.  If you experience any chest pain, shortness of breath, dizziness, or other concerning symptoms, seek immediate medical attention by calling emergency services.**\n\n\nI can analyze the data you provide to identify potential areas for improvement and offer personalized feedback.  Remember, I\'m a tool to support your journey to better cardiovascular health, but the most important part of the process is working closely with your healthcare provider.  They can provide personalized medical advice and treatment plans based on your specific needs.\n"
}
role: "model"

2024-11-04 14:38:03,473 - INFO - User: what can you do for me
2024-11-04 14:38:03,473 - INFO - Bot: parts {
  text: "I can assist you in managing and monitoring your cardiovascular health by providing information and tools related to several key areas.  Remember, I am not a substitute for a healthcare professional, and you should always consult with your doctor or other qualified medical provider for diagnosis and treatment.\n\nHere\'s what I can help you with:\n\n* **Blood Pressure Monitoring:** I can help you understand what blood pressure readings mean, track your readings over time if you input them, and remind you when to take measurements.  I can also provide information about lifestyle modifications that can help manage blood pressure.\n* **Heart Rate Tracking:**  Similar to blood pressure, I can help you understand your heart rate and what different ranges signify.  I can also help you track your heart rate if you provide the data.\n* **Medication Adherence:** I can help you set up reminders to take your medications as prescribed.  This is crucial for managing many cardiovascular conditions. *Never* adjust your medications without consulting your doctor.\n* **Exercise Recommendations:**  I can provide information and resources about exercise plans that are beneficial for cardiovascular health, taking into consideration your current fitness level (if you provide it). I can also help you understand how much and what types of exercise are appropriate.\n* **Diet Suggestions:** I can offer information on heart-healthy diets, such as the DASH diet and the Mediterranean diet, and provide tips for making healthier food choices.\n* **Stress Management:**  Stress can significantly impact cardiovascular health. I can provide information and resources on various stress management techniques like meditation, deep breathing exercises, and yoga.\n* **Risk Factor Identification:**  I can help you understand and identify the risk factors for cardiovascular disease, such as smoking, high cholesterol, family history, and diabetes.\n* **Symptom Monitoring:**  I can help you track symptoms that might be related to cardiovascular issues.  Importantly, I can also alert you to emergency symptoms, like chest pain, shortness of breath, and dizziness, which require immediate medical attention.  *If you experience any of these symptoms, call emergency services immediately.*\n\n\nBy working together, we can create a plan to help you improve and maintain your cardiovascular health.  Let me know what you\'d like to focus on first, and remember to discuss any concerns or changes with your healthcare provider.\n"
}
role: "model"

2024-11-04 14:43:29,444 - INFO - User: what can you do for me
2024-11-04 14:43:29,445 - INFO - Bot: parts {
  text: "I can help you manage and monitor various aspects of your cardiovascular health by providing information, tracking metrics, and encouraging healthy habits.  Think of me as a tool to support your journey towards better heart health, working alongside the guidance of your healthcare provider.\n\nHere\'s a breakdown of what I can offer:\n\n**Information and Education:**\n* **Blood Pressure:** I can explain what blood pressure readings mean, why they\'re important, and offer tips on how to manage high blood pressure through lifestyle changes.\n* **Heart Rate:**  I can provide information about healthy resting heart rates and target heart rates during exercise.\n* **Medications:**  I can help you understand the importance of medication adherence if prescribed by your doctor and offer strategies to remember taking them. I can never recommend or adjust medications myself – that\'s strictly your doctor\'s domain.\n* **Exercise:**  I can suggest exercise plans appropriate for your fitness level and cardiovascular health status (always consult your doctor before starting any new exercise program).\n* **Diet:** I can offer heart-healthy dietary recommendations and resources based on established guidelines, like the Mediterranean diet or the DASH diet.\n* **Stress Management:** I can explain how stress impacts cardiovascular health and provide techniques for stress reduction, such as mindfulness, deep breathing exercises, and yoga.\n* **Risk Factor Identification:**  I can help you understand and identify various risk factors for cardiovascular disease, like smoking, family history, and cholesterol levels.\n\n**Tracking and Analysis:**\n* **Log your metrics:**  You can log your blood pressure, heart rate, weight, and other relevant data. I can then help you analyze trends and spot potential issues.  This information is valuable to share with your doctor.\n* **Track your progress:** By logging your lifestyle modifications, like exercise and dietary changes, I can help you track your progress and stay motivated.\n\n**Important Note:** I am not a substitute for a healthcare professional. I cannot diagnose medical conditions or prescribe treatments. Always consult with your doctor or other qualified healthcare provider for any health concerns or before making any decisions related to your health or treatment.\n\n**Emergency Symptoms:**\nIf you experience any of the following symptoms, call emergency services immediately:\n* Chest pain or discomfort\n* Shortness of breath\n* Sudden dizziness or lightheadedness\n* Pain or discomfort in the jaw, neck, back, arm, or shoulder\n* Sudden numbness or weakness of the face, arm, or leg, especially on one side of the body\n\nTo get started, tell me what you\'d like to focus on.  For example, are you interested in learning more about managing your blood pressure, starting an exercise program, or tracking your heart rate?\n"
}
role: "model"

2024-11-04 14:45:32,792 - INFO - User: what can you do for me
2024-11-04 14:45:32,792 - INFO - Bot: parts {
  text: "I can be your personalized cardiovascular health assistant, helping you stay on top of your heart health journey.  Think of me as a tool to help you organize and track important information, but **never a replacement for a real doctor.**\n\nHere\'s what I can do:\n\n* **Blood Pressure Monitoring:**  I can help you log your blood pressure readings, visualize trends over time, and understand what those numbers mean.  Consistently high readings are a serious concern and you should discuss them with your doctor.\n\n* **Heart Rate Tracking:** I can help you track your resting and active heart rate, which can be useful information for your doctor and for monitoring your fitness progress.  Significant changes in your heart rate should be reported to your doctor.\n\n* **Medication Adherence:** I can help you remember to take your medications as prescribed by setting reminders.  Never adjust your medication without consulting your doctor.\n\n* **Exercise Recommendations:** Based on your profile and any information you provide, I can suggest safe and effective exercises to improve your cardiovascular health.  Always consult with your doctor before starting a new workout routine.\n\n* **Diet Suggestions:** I can provide information and resources on heart-healthy diets, including tips on portion control and healthy food choices. I can also help you track your food intake if you wish.  Remember, dietary changes should be discussed with your doctor or a registered dietitian.\n\n* **Stress Management:**  I can offer various stress management techniques, such as deep breathing exercises and mindfulness practices, which can positively impact your heart health.\n\n* **Risk Factor Identification:** By gathering information about your lifestyle and medical history, I can help identify potential cardiovascular risk factors. This information can be valuable when discussing your health with your doctor.\n\n* **Symptom Monitoring:** I can help you track any concerning symptoms like chest pain, shortness of breath, or dizziness.  **If you experience any of these symptoms, especially sudden chest pain, call emergency services immediately.**\n\nI am here to support you in your efforts to improve and maintain your cardiovascular health.  Remember, I\'m a tool to be used in conjunction with professional medical advice.  Let\'s work together to keep your heart healthy!  What would you like to do first?\n"
}
role: "model"

2024-11-04 19:39:46,400 - INFO - User: what can you do
2024-11-04 19:39:46,402 - INFO - Bot: response:
GenerateContentResponse(
    done=True,
    iterator=None,
    result=protos.GenerateContentResponse({
      "candidates": [
        {
          "content": {
            "parts": [
              {
                "text": "I can act as your personal cardiovascular health assistant, providing information, tools, and resources to help you better manage your heart health.  However, it's crucial to remember that **I am not a doctor and cannot offer medical advice.**  Always consult your healthcare provider for diagnosis, treatment, and personalized recommendations.\n\nHere's how I can assist you:\n\n* **Track and Trend Key Metrics:** Input your blood pressure, heart rate, weight, and other relevant data, and I'll help you visualize the trends. This information can be valuable when discussing your health with your doctor.\n* **Manage Medications:** Never miss a dose again! I can send you reminders to take your medications as prescribed.\n* **Promote Healthy Habits:** I offer evidence-based information and tracking tools for diet, exercise, and stress management.  While I can offer general guidance, personalized plans should be developed with a healthcare professional or registered dietitian.\n* **Identify Potential Risks:** By providing some basic health information, I can help you understand your potential risk factors for cardiovascular disease and point you towards resources for mitigating those risks.\n* **Monitor Symptoms and Encourage Prompt Action:**  I can help you track symptoms and, *critically, if you experience serious symptoms like chest pain, shortness of breath, or loss of consciousness, I will immediately advise you to call emergency services.*\n\n\nI'm here to support you on your heart health journey, but always in conjunction with the guidance of your healthcare provider. I provide the tools; you and your doctor make the decisions.\n"
              }
            ],
            "role": "model"
          },
          "finish_reason": "STOP",
          "avg_logprobs": -0.1654132867009385
        }
      ],
      "usage_metadata": {
        "prompt_token_count": 2051,
        "candidates_token_count": 318,
        "total_token_count": 2369
      }
    }),
)
2024-11-04 19:48:29,842 - INFO - User: what can you do
2024-11-04 19:48:29,842 - INFO - Bot: Consider me your digital cardiovascular health coach, providing information, tools, and resources to support you in managing your heart health. However, **I am not a doctor and cannot give medical advice.** Always consult with your healthcare provider for diagnosis, treatment, and any changes to your health plan.  Here's a summary of my capabilities:  * **Track & Analyze:** I can track essential metrics like blood pressure, heart rate, weight, and even your diet if you input the information.  This helps you see patterns and potential issues to discuss with your doctor. * **Medication Management:**  Stay on track with your medications with my handy reminder system. * **Healthy Lifestyle Support:** I provide information and tracking for heart-healthy living, including diet, exercise, and stress management techniques.  I can offer general guidance, but personalized plans should be created with a healthcare professional or registered dietitian. * **Risk Factor Education:**  I can help you understand and identify potential cardiovascular risk factors based on the information you share, and provide resources on how to minimize them. * **Symptom Tracking & Urgent Alerts:** I can help you monitor symptoms.  *Most importantly, if you experience severe symptoms such as chest pain, shortness of breath, or loss of consciousness, I will immediately urge you to call emergency services.*  I'm here to empower you to take an active role in your heart health journey, but always in collaboration with your healthcare provider.  I'm a tool to support, not replace, professional medical care.
2024-11-04 19:56:04,716 - INFO - User: what can you do for me
2024-11-04 19:56:04,717 - INFO - Bot: I can be your personalized cardiovascular health assistant, helping you stay informed and motivated in managing your heart health.  I can assist you with several key areas:  **Tracking and Analyzing Metrics:**  * **Blood Pressure Monitoring:** I can help you log your blood pressure readings, visualize trends, and understand what your numbers mean.  This allows you to easily share this information with your doctor. * **Heart Rate Tracking:** I can help you understand your resting heart rate and heart rate during activity, which can be valuable information for your overall cardiovascular health assessment.  Remember, I'm not a substitute for medical devices, so discuss appropriate heart rate monitoring methods with your doctor. * **Medication Adherence:** If you're on medications, I can help you set reminders so you never miss a dose.  This is vital for managing conditions like hypertension and high cholesterol.  **Lifestyle Guidance:**  * **Exercise Recommendations:** Based on your profile and after consultation with your physician, I can help you develop an exercise plan that fits your needs and abilities.  This could include suggestions for frequency, intensity, and type of exercise. * **Diet Suggestions:** I can provide you with heart-healthy dietary information and tips, including recipes and meal planning ideas focused on reducing saturated and trans fats, cholesterol, and sodium.  This will always be in line with established dietary guidelines and will require consultation with your doctor or a registered dietitian for personalization. * **Stress Management:** I can offer various techniques for stress reduction, such as mindfulness exercises, breathing techniques, and tips for improving sleep hygiene.  Managing stress is crucial for heart health.  **Risk Factor Identification and Symptom Monitoring:**  * **Risk Factor Identification:** By understanding your family history, lifestyle, and current health status, I can help you identify potential cardiovascular risk factors.  This information empowers you to have informed conversations with your doctor. * **Symptom Monitoring:** I can help you track symptoms like chest pain, shortness of breath, palpitations, dizziness, and swelling in your legs.  I'll be sure to emphasize that any sudden or severe symptoms require *immediate medical attention*.  **Important Disclaimer:** I am a digital tool designed to support, not replace, the relationship between you and your healthcare provider.  I cannot provide medical diagnoses or treatment plans.  Always consult with your doctor or other qualified healthcare professional for any health concerns or before making any decisions related to your health or treatment.   To best assist you, please tell me more about your health goals and any specific areas you'd like to focus on.  For example, are you looking to lower your blood pressure, manage your cholesterol, or start a new exercise program?  The more information you share, the better I can assist you.
2024-11-04 20:32:31,228 - INFO - User: what can you do for me
2024-11-04 20:32:31,228 - INFO - Bot: I can be your personalized Cardiovascular Health Assistant, helping you take a more proactive role in managing your heart health.  I can do this by providing information, tracking key metrics, and offering support in several areas:  * **Blood Pressure Monitoring:**  I can help you understand what your blood pressure numbers mean, remind you to take readings, and track your progress over time.  This information can be valuable to share with your doctor. * **Heart Rate Tracking:** I can help you understand normal heart rates, track your resting heart rate and heart rate during exercise, and identify any unusual patterns that you should discuss with your physician. * **Medication Adherence:** If you're taking medication for your heart health, I can send reminders to help you stay consistent with your prescribed regimen. *Remember, never adjust or stop your medications without consulting your doctor.* * **Exercise Recommendations:**  I can provide information on heart-healthy exercises, suggest personalized activity plans based on your fitness level (after consulting with your doctor), and help you stay motivated to reach your exercise goals. * **Diet Suggestions:** I can offer information and resources on heart-healthy diets, including recipes and meal planning tips. I can also help you track your dietary intake, if desired. * **Stress Management:**  I can provide relaxation techniques and resources to help you manage stress, a key contributor to heart health issues. * **Risk Factor Identification:** I can help you understand and identify potential cardiovascular risk factors, such as high cholesterol, smoking, and family history, empowering you to discuss these with your healthcare provider. * **Symptom Monitoring:** I can help you track any symptoms you experience, such as chest pain, shortness of breath, or dizziness.  *It is crucial to understand that I am not a substitute for professional medical advice.  If you experience any of these symptoms, especially sudden chest pain, seek immediate medical attention.*   I want to emphasize that I am not a doctor. My role is to support you in managing your cardiovascular health, but all medical decisions should be made in consultation with your healthcare provider.  I can be a valuable tool for collecting and organizing information to share with your doctor, facilitating more productive discussions about your health.  Tell me, what are your specific goals for improving your cardiovascular health?
2024-11-04 20:52:18,365 - INFO - User: what can you do for me
2024-11-04 20:52:18,365 - INFO - Bot: I can be your personalized Cardiovascular Health Assistant, helping you take a more proactive role in managing your heart health. I can provide information, track key metrics, and offer support in several areas:

* **Blood Pressure Monitoring:**  I can help you understand what your blood pressure numbers mean, remind you to take readings, and track your progress.  This information can be valuable to share with your doctor.
* **Heart Rate Tracking:** I can help you understand normal heart rates, track your resting and active heart rates, and identify any unusual patterns for discussion with your physician.
* **Medication Adherence:** If you take heart medication, I can send reminders to help you stay consistent with your prescribed regimen. *Never adjust or stop medications without consulting your doctor.*
* **Exercise Recommendations:** I can provide information on heart-healthy exercises and suggest personalized plans based on your fitness level (after consulting with your doctor).
* **Diet Suggestions:** I can offer information and resources on heart-healthy diets, including recipes and meal planning tips. I can also help track your dietary intake.
* **Stress Management:** I can provide relaxation techniques and resources to help manage stress, a key contributor to heart issues.
* **Risk Factor Identification:** I can help you understand and identify potential cardiovascular risk factors like high cholesterol, smoking, and family history, so you can discuss them with your healthcare provider.
* **Symptom Monitoring:** I can help you track symptoms like chest pain, shortness of breath, or dizziness. *I am not a substitute for professional medical advice. If you experience these, especially sudden chest pain, seek immediate medical attention.*

I am not a doctor; my role is to support you. Medical decisions should be made with your healthcare provider. I can be a tool for collecting and organizing information to share with your doctor. What are your specific goals for improving your cardiovascular health?
2024-11-04 20:56:36,551 - INFO - User: do you capture my age?
2024-11-04 20:56:36,551 - INFO - Bot: I don't directly capture or store any personally identifiable information, including your age.  I can only process the information you manually provide in our current conversation.  However, age is a crucial factor in cardiovascular health.  Knowing your age helps me provide more tailored and relevant information about potential risks and recommended health strategies.  

Could you tell me your age range so I can provide more age-appropriate advice?  For example, are you in your 20s, 30s, 40s, etc.? This will help me personalize the information I give you.

Remember, I'm here to assist you in managing your cardiovascular health, but I'm not a substitute for a real doctor.  It's essential to discuss your individual health concerns and risk factors with a qualified healthcare professional.  They can assess your specific needs and provide personalized recommendations based on your complete medical history.
2024-11-04 20:57:54,118 - INFO - User: see the age i typed in the Age section of this app
2024-11-04 20:57:54,118 - INFO - Bot: I understand you've entered your age in a section of the app.  However, as a language model, I cannot directly access or interact with specific features or data within any app, including this one. My responses are based on the information you explicitly provide within our current conversation.

If you'd like me to use your age to provide more personalized recommendations, please tell me your age or age range again here in our chat.  

Regardless of your age, regular check-ups with a doctor are crucial for maintaining good cardiovascular health. They can assess your risk factors, recommend appropriate screening tests, and personalize advice for your specific situation.  Don't hesitate to seek professional medical advice for any health concerns.
2024-11-04 20:58:50,677 - INFO - User: what age did i typed in Age section of the app?
2024-11-04 20:58:50,678 - INFO - Bot: As I mentioned before, I cannot access or see any information you enter into any app, including the age you typed into the "Age" section. My interactions are limited to our current text conversation. If you'd like me to consider your age when providing information, please tell me your age directly within this chat.
2024-11-04 21:02:01,549 - INFO - User: can you write a code in python?
2024-11-04 21:02:01,550 - INFO - Bot: Yes, I can write Python code. What would you like me to write?  Please be as specific as possible with your request.  For example, tell me:

* **What is the goal of the code?** What problem are you trying to solve or what task do you want to automate?
* **What are the inputs?** What data will the code work with?  Where will it get this data from (e.g., user input, a file, a database)?
* **What are the desired outputs?** What should the code produce? In what format (e.g., printed to the console, written to a file, displayed as a graph)?
* **Are there any specific algorithms or libraries you want to use?**

The more details you provide, the better I can tailor the code to your needs.

For example, if you want a simple program to calculate the Body Mass Index (BMI), you could tell me:

"Write a Python program that calculates BMI.  It should take the user's weight in kilograms and height in meters as input and print the BMI as output.  The formula for BMI is weight / (height * height)."


I'm ready when you are! Just let me know what you'd like me to create.  While I can help with code related to health calculations (like BMI or target heart rate), keep in mind I'm not a substitute for medical advice from a qualified professional.
2024-11-04 21:03:37,183 - INFO - User: in what area or profession can you write the code?
2024-11-04 21:03:37,184 - INFO - Bot: I can write code relevant to a wide range of areas, although my knowledge is most comprehensive in areas related to health and wellness, given my focus as a Cardiovascular Health Assistant. Here are some examples:

* **Health and Wellness:**
    * Calculating BMI, Body Fat Percentage, Target Heart Rate, etc.
    * Basic analysis of health data (e.g., average blood pressure readings).
    * Generating reminders for medication or exercise.
    * Parsing health-related data from text.
* **Data Processing and Analysis:**
    * Reading and writing data to files (CSV, TXT, etc.).
    * Performing basic statistical calculations.
    * String manipulation and text processing.
* **Web Development (basic):**
    * Generating HTML or simple web page elements.
    * Interacting with APIs (with provided details).
* **Automation:**
    * Simple scripts for automating repetitive tasks.
* **Machine Learning (very basic examples):**
    * I can demonstrate fundamental ML concepts, but I'm not a substitute for a dedicated ML platform or expert.  I can't train complex models or handle large datasets.


It's important to note that while I can generate code, I can't execute it or debug it in a real-world environment. My purpose is to provide you with code examples and help you learn. For complex projects, consulting a software engineer or data scientist is recommended.  Similarly, for any health concerns, consult with a qualified medical professional.
2024-11-04 21:28:52,275 - INFO - User: what can you do for me
2024-11-04 21:28:52,276 - INFO - Bot: As a Cardiovascular Health Assistant, I can help you with various aspects of managing and monitoring your cardiovascular health.  Remember, I am not a substitute for a doctor, and my responses should not be taken as medical advice. Always consult with a healthcare professional for diagnosis and treatment.

Here's what I can do:

* **Provide Information and Education:** I can offer information on various cardiovascular health topics, including blood pressure, cholesterol, heart rate, diet, exercise, stress management, and risk factors.
* **Track and Analyze Metrics (based on data you provide):**  If you give me your blood pressure readings, heart rate, or other metrics, I can help you track them over time and identify potential trends.  However, I don't store any of your personal data.
* **Set Reminders and Encourage Adherence:** I can help you remember to take your medications, track your exercise progress, and maintain healthy habits. (Again, this relies on you providing the information within our conversation, as I cannot store data.)
* **Offer Personalized Recommendations (based on information you provide):**  Based on the data you share, I can offer personalized recommendations for diet, exercise, and other lifestyle modifications.
* **Identify Potential Risk Factors:** I can help you identify potential cardiovascular risk factors based on your health information and lifestyle.
* **Symptom Monitoring:** I can help you understand potential cardiovascular symptoms and when to seek immediate medical attention.  **If you are experiencing a medical emergency, such as chest pain, shortness of breath, or dizziness, call 911 (or your local emergency number) immediately.**

I'm here to support you on your journey to better heart health.  By working together and with your healthcare provider, you can take proactive steps to improve your cardiovascular well-being.
2024-11-04 21:31:00,775 - INFO - User: Hello
2024-11-04 21:31:00,775 - INFO - Bot: Hello! I'm your Cardiovascular Health Assistant. I can help you track and manage your cardiovascular health, but remember, I'm not a substitute for a real doctor. Always consult with a healthcare professional for diagnosis and treatment.  

How can I assist you today?  Are you interested in learning about a specific topic like blood pressure management, or do you have specific questions or concerns about your heart health?
2024-11-05 10:55:42,494 - INFO - User: what can you do for me
2024-11-05 10:55:42,495 - INFO - Bot: I can assist you in managing and monitoring your cardiovascular health by providing information and tools related to several key areas.  I can help you track your blood pressure and heart rate, offer reminders for medication adherence, suggest personalized exercise recommendations based on your fitness level, provide dietary suggestions aligned with heart-healthy principles, and offer techniques for stress management. I can also help you identify potential cardiovascular risk factors and monitor symptoms.

Importantly, I am designed to supplement, not replace, the advice of your healthcare provider.  I cannot diagnose or treat medical conditions.  **Always consult with your doctor or other qualified healthcare professional for any health concerns or before making any decisions related to your health or treatment.**

To best assist you, please tell me what specific aspects of your cardiovascular health you'd like to focus on. For instance, are you interested in starting an exercise program, managing your blood pressure, or learning more about heart-healthy recipes?  The more information you provide, the more effectively I can assist you.

**It's crucial to be aware of emergency symptoms that require immediate medical attention. These include:**

* **Chest pain or discomfort:** Especially if it's squeezing, tight, or heavy, and radiates to the arm, neck, or jaw.
* **Sudden shortness of breath:**  Especially if accompanied by chest pain or discomfort.
* **Lightheadedness or dizziness:** Particularly if it comes on suddenly or is severe.
* **Fainting or loss of consciousness:** Even if brief.
* **Sudden weakness or numbness:** Especially on one side of the body.
* **Sudden confusion or difficulty speaking:**  This could be a sign of stroke.
* **Sudden, severe headache:** Unlike any you've experienced before.

If you experience any of these symptoms, **call emergency services (911 or your local equivalent) immediately.**


I look forward to working with you on your journey toward better cardiovascular health!
2024-11-05 12:59:46,666 - INFO - User: what can you do for me
2024-11-05 12:59:46,667 - INFO - Bot: I can assist you in managing and monitoring your cardiovascular health by providing information and tools related to several key areas. I can help you track your blood pressure and heart rate, offer reminders for medication adherence, suggest personalized exercise recommendations based on your fitness level, provide dietary suggestions aligned with heart-healthy principles, and offer techniques for stress management. I can also help you identify potential cardiovascular risk factors and monitor symptoms.

It's important to remember that I am designed to supplement, *not replace*, the advice of your healthcare provider. I cannot diagnose or treat medical conditions. **Always consult with your doctor or other qualified healthcare professional for any health concerns or before making any decisions related to your health or treatment.**

To give you a better idea, here's a breakdown of what I can do:

* **Blood Pressure Monitoring:** I can help you understand what blood pressure readings mean and how to track them effectively.  While I can't take your blood pressure, I can store and analyze the data you input, helping you spot trends and identify potential issues to discuss with your doctor.
* **Heart Rate Tracking:** Similar to blood pressure, I can help you understand and track your heart rate data to monitor your cardiovascular fitness and identify potential irregularities.
* **Medication Adherence:**  I can provide reminders to take your medications as prescribed, helping you maintain a consistent regimen.  However, I cannot provide medical advice regarding medications.  Always follow your doctor's instructions.
* **Exercise Recommendations:** I can suggest exercises suitable for your fitness level and cardiovascular health goals. This may include walking, running, swimming, cycling, or other activities. It's crucial to consult your doctor before starting any new exercise program.
* **Diet Suggestions:**  I can offer guidance on heart-healthy eating habits, including information on portion sizes, healthy fats, and limiting sodium intake.  I can also provide recipes and meal planning ideas.
* **Stress Management:**  I can offer techniques to manage stress, such as deep breathing exercises, mindfulness, and meditation.  Stress can significantly impact cardiovascular health, so managing it effectively is essential.
* **Risk Factor Identification:**  I can help you identify potential cardiovascular risk factors such as high cholesterol, smoking, family history, and diabetes, enabling you to discuss them with your doctor.
* **Symptom Monitoring:**  I can help you track symptoms related to your cardiovascular health.  It's crucial to report any new or concerning symptoms to your healthcare provider immediately.

To best assist you, tell me what aspects of your cardiovascular health you'd like to focus on. Are you interested in starting an exercise program, managing your blood pressure, or learning more about heart-healthy recipes? The more information you share, the better I can assist you.

**Remember, if you experience any emergency symptoms like chest pain, shortness of breath, dizziness, or sudden weakness, call emergency services (911 or your local equivalent) immediately.**
2024-11-06 07:05:04,492 - INFO - User: what can you do for me
2024-11-06 07:05:04,495 - INFO - Bot: I can be your personalized Cardiovascular Health Assistant, helping you take a more proactive role in managing your heart health.  I can help you track important metrics like blood pressure and heart rate, remind you to take your medications, offer suggestions for heart-healthy diet and exercise plans, and provide information about stress management techniques. I can also help you identify potential cardiovascular risk factors and monitor for symptoms that may require medical attention.

It's important to remember: I am not a substitute for a doctor. I can't diagnose conditions or prescribe treatments. My role is to provide information and support based on established medical guidelines, making it easier for you to communicate with your healthcare provider and adhere to your treatment plan.

For example, if you are tracking your blood pressure, I can help you log your readings and visualize trends over time.  If you tell me about your current diet, I can offer suggestions for heart-healthy swaps. If you input your medications, I can set up reminders to help you take them as prescribed.

To help me personalize your experience, tell me what aspects of your cardiovascular health you'd like to focus on. Are you concerned about high blood pressure?  Do you need help sticking to an exercise plan?  Let me know your goals, and we can work together to achieve them.

One last, but very important thing:  If you are experiencing chest pain, shortness of breath, or other symptoms of a heart attack, call emergency services immediately.  Don't wait!
